<?xml version="1.0" encoding="UTF-8"?>
<testng-results skipped="0" failed="1" total="3" passed="2">
  <reporter-output>
  </reporter-output>
  <suite name="Default suite" duration-ms="12687" started-at="2019-07-18T10:51:49Z" finished-at="2019-07-18T10:52:02Z">
    <groups>
    </groups>
    <test name="Default test" duration-ms="12687" started-at="2019-07-18T10:51:49Z" finished-at="2019-07-18T10:52:02Z">
      <class name="com.OHRM.Bd1.TestCases.TC1_Login">
        <test-method status="PASS" signature="launchBrowser()[pri:0, instance:com.OHRM.Bd1.TestCases.TC1_Login@e369b7]" name="launchBrowser" is-config="true" duration-ms="10327" started-at="2019-07-18T16:21:49Z" finished-at="2019-07-18T16:21:59Z">
          <reporter-output>
          </reporter-output>
        </test-method> <!-- launchBrowser -->
        <test-method status="PASS" signature="validateLogin()[pri:1, instance:com.OHRM.Bd1.TestCases.TC1_Login@e369b7]" name="validateLogin" duration-ms="34" started-at="2019-07-18T16:21:59Z" finished-at="2019-07-18T16:21:59Z">
          <reporter-output>
          </reporter-output>
        </test-method> <!-- validateLogin -->
        <test-method status="PASS" signature="validateUserLogin()[pri:2, instance:com.OHRM.Bd1.TestCases.TC1_Login@e369b7]" name="validateUserLogin" duration-ms="130" started-at="2019-07-18T16:21:59Z" finished-at="2019-07-18T16:22:00Z">
          <reporter-output>
          </reporter-output>
        </test-method> <!-- validateUserLogin -->
        <test-method status="FAIL" signature="verifyHomeElements()[pri:3, instance:com.OHRM.Bd1.TestCases.TC1_Login@e369b7]" name="verifyHomeElements" duration-ms="2177" started-at="2019-07-18T16:22:00Z" finished-at="2019-07-18T16:22:02Z">
          <exception class="java.lang.NullPointerException">
            <full-stacktrace>
              <![CDATA[java.lang.NullPointerException
	at com.OHRM.TestUtils.XLUtils.writeDataInToExcel(XLUtils.java:89)
	at com.OHRM.Bd1.TestCases.TC1_Login.verifyHomeElements(TC1_Login.java:60)
	at sun.reflect.NativeMethodAccessorImpl.invoke0(Native Method)
	at sun.reflect.NativeMethodAccessorImpl.invoke(Unknown Source)
	at sun.reflect.DelegatingMethodAccessorImpl.invoke(Unknown Source)
	at java.lang.reflect.Method.invoke(Unknown Source)
	at org.testng.internal.MethodInvocationHelper.invokeMethod(MethodInvocationHelper.java:86)
	at org.testng.internal.Invoker.invokeMethod(Invoker.java:645)
	at org.testng.internal.Invoker.invokeTestMethod(Invoker.java:822)
	at org.testng.internal.Invoker.invokeTestMethods(Invoker.java:1130)
	at org.testng.internal.TestMethodWorker.invokeTestMethods(TestMethodWorker.java:129)
	at org.testng.internal.TestMethodWorker.run(TestMethodWorker.java:112)
	at org.testng.TestRunner.privateRun(TestRunner.java:782)
	at org.testng.TestRunner.run(TestRunner.java:632)
	at org.testng.SuiteRunner.runTest(SuiteRunner.java:366)
	at org.testng.SuiteRunner.runSequentially(SuiteRunner.java:361)
	at org.testng.SuiteRunner.privateRun(SuiteRunner.java:319)
	at org.testng.SuiteRunner.run(SuiteRunner.java:268)
	at org.testng.SuiteRunnerWorker.runSuite(SuiteRunnerWorker.java:52)
	at org.testng.SuiteRunnerWorker.run(SuiteRunnerWorker.java:86)
	at org.testng.TestNG.runSuitesSequentially(TestNG.java:1244)
	at org.testng.TestNG.runSuitesLocally(TestNG.java:1169)
	at org.testng.TestNG.run(TestNG.java:1064)
	at org.testng.remote.RemoteTestNG.run(RemoteTestNG.java:113)
	at org.testng.remote.RemoteTestNG.initAndRun(RemoteTestNG.java:206)
	at org.testng.remote.RemoteTestNG.main(RemoteTestNG.java:177)
]]>
            </full-stacktrace>
          </exception> <!-- java.lang.NullPointerException -->
          <reporter-output>
          </reporter-output>
        </test-method> <!-- verifyHomeElements -->
      </class> <!-- com.OHRM.Bd1.TestCases.TC1_Login -->
    </test> <!-- Default test -->
  </suite> <!-- Default suite -->
</testng-results>
